<?xml version="1.0" encoding="UTF-8"?>
<testsuites name="jest tests" tests="4" failures="0" errors="0" time="0.51">
  <testsuite name="Count user" errors="0" failures="0" skipped="0" timestamp="2026-03-17T04:35:20" time="0.437" tests="4">
    <testcase classname="Count user default user count" name="Count user default user count" time="0.006">
    </testcase>
    <testcase classname="Count user clear user and Count" name="Count user clear user and Count" time="0">
    </testcase>
    <testcase classname="remove user Remove one" name="remove user Remove one" time="0">
    </testcase>
    <testcase classname="remove 2 user Remove two" name="remove 2 user Remove two" time="0.001">
    </testcase>
  </testsuite>
</testsuites>